<?xml version="1.0" encoding="UTF-8"?>
<!-- Generated by org.testng.reporters.JUnitReportReporter -->
<testsuite hostname="SivaSuman" failures="0" tests="1" name="controlPractise.OptionsPractise" time="4.763" errors="0" timestamp="2024-03-09T20:16:55 EST" skipped="0">
  <testcase classname="controlPractise.OptionsPractise" name="PractiseChromeOptions" time="4.763"/>
</testsuite> <!-- controlPractise.OptionsPractise -->
