<?xml version="1.0" encoding="UTF-8"?>
<!-- Generated by org.testng.reporters.JUnitReportReporter -->
<testsuite hostname="SivaSuman" failures="0" tests="1" name="streamsExcersise.practise1" time="0.023" errors="0" timestamp="2024-02-22T23:33:40 EST" skipped="0">
  <testcase classname="streamsExcersise.practise1" name="test" time="0.023"/>
</testsuite> <!-- streamsExcersise.practise1 -->
