<?xml version="1.0" encoding="UTF-8"?>
<!-- Generated by org.testng.reporters.JUnitReportReporter -->
<testsuite hostname="SivaSuman" failures="0" tests="1" name="controlPractise.PageScroll" time="20.512" errors="0" timestamp="2024-03-09T09:47:21 EST" skipped="0">
  <testcase classname="controlPractise.PageScroll" name="testPractise" time="20.512"/>
</testsuite> <!-- controlPractise.PageScroll -->
