<?xml version="1.0" encoding="UTF-8"?>
<!-- Generated by org.testng.reporters.JUnitReportReporter -->
<testsuite hostname="SivaSuman" failures="0" tests="1" name="controlPractise.ActionsPractise" time="6.724" errors="0" timestamp="2024-03-06T23:33:51 EST" skipped="0">
  <testcase classname="controlPractise.ActionsPractise" name="actionsPractise" time="6.724"/>
</testsuite> <!-- controlPractise.ActionsPractise -->
