<?xml version="1.0" encoding="UTF-8"?>
<!-- Generated by org.testng.reporters.JUnitReportReporter -->
<testsuite hostname="SivaSuman" failures="0" tests="1" name="ArraysAndCollections.Excercise" time="0.008" errors="0" timestamp="2024-03-16T15:25:51 EDT" skipped="0">
  <testcase classname="ArraysAndCollections.Excercise" name="countNumbers" time="0.008"/>
</testsuite> <!-- ArraysAndCollections.Excercise -->
