<?xml version="1.0" encoding="UTF-8"?>
<!-- Generated by org.testng.reporters.JUnitReportReporter -->
<testsuite hostname="SivaSuman" failures="0" tests="1" name="controlPractise.WindowsHandling" time="74.032" errors="0" timestamp="2024-03-07T22:08:08 EST" skipped="0">
  <testcase classname="controlPractise.WindowsHandling" name="GetAllLinks" time="74.032"/>
</testsuite> <!-- controlPractise.WindowsHandling -->
