<?xml version="1.0" encoding="UTF-8"?>
<!-- Generated by org.testng.reporters.JUnitReportReporter -->
<testsuite hostname="SivaSuman" failures="0" tests="1" name="ArraysAndCollections.SetPractise" time="0.010" errors="0" timestamp="2024-03-14T22:52:10 EDT" skipped="0">
  <testcase classname="ArraysAndCollections.SetPractise" name="SetTest" time="0.010"/>
</testsuite> <!-- ArraysAndCollections.SetPractise -->
