<?xml version="1.0" encoding="UTF-8"?>
<!-- Generated by org.testng.reporters.JUnitReportReporter -->
<testsuite hostname="SivaSuman" failures="0" tests="1" name="ArraysAndCollections.QueuePractise" time="0.014" errors="0" timestamp="2024-03-14T23:45:12 EDT" skipped="0">
  <testcase classname="ArraysAndCollections.QueuePractise" name="QueueTest" time="0.014"/>
</testsuite> <!-- ArraysAndCollections.QueuePractise -->
