<?xml version="1.0" encoding="UTF-8"?>
<!-- Generated by org.testng.reporters.JUnitReportReporter -->
<testsuite hostname="SivaSuman" failures="0" tests="1" name="Selenium4Features.ScreenshotForWebElement" time="8.193" errors="0" timestamp="2024-03-10T18:17:27 EDT" skipped="0">
  <testcase classname="Selenium4Features.ScreenshotForWebElement" name="TakingWebElementScreenshot" time="8.193"/>
</testsuite> <!-- Selenium4Features.ScreenshotForWebElement -->
