<?xml version="1.0" encoding="UTF-8"?>
<!-- Generated by org.testng.reporters.JUnitReportReporter -->
<testsuite hostname="SivaSuman" failures="0" tests="1" name="FAQs" time="3.128" errors="0" timestamp="2024-03-10T19:00:08 EDT" skipped="0">
  <testcase classname="FAQs" name="test" time="3.128"/>
</testsuite> <!-- FAQs -->
