<?xml version="1.0" encoding="UTF-8"?>
<!-- Generated by org.testng.reporters.JUnitReportReporter -->
<testsuite hostname="SivaSuman" failures="0" tests="1" name="controlPractise.OpeningLinks" time="32.900" errors="0" timestamp="2024-03-07T23:27:31 EST" skipped="0">
  <testcase classname="controlPractise.OpeningLinks" name="testPractise" time="32.900"/>
</testsuite> <!-- controlPractise.OpeningLinks -->
