<?xml version="1.0" encoding="UTF-8"?>
<!-- Generated by org.testng.reporters.JUnitReportReporter -->
<testsuite hostname="SivaSuman" failures="0" tests="1" name="ExcelHandsOn.excelPractise" time="0.484" errors="0" timestamp="2024-03-16T16:53:47 EDT" skipped="0">
  <testcase classname="ExcelHandsOn.excelPractise" name="TestExcel" time="0.484"/>
</testsuite> <!-- ExcelHandsOn.excelPractise -->
