<?xml version="1.0" encoding="UTF-8"?>
<!-- Generated by org.testng.reporters.JUnitReportReporter -->
<testsuite hostname="SivaSuman" failures="0" tests="3" name="ArraysAndCollections.ArraysPractise" time="0.051" errors="0" timestamp="2024-03-13T22:29:03 EDT" skipped="0">
  <testcase classname="ArraysAndCollections.ArraysPractise" name="DateFunctions" time="0.049"/>
  <testcase classname="ArraysAndCollections.ArraysPractise" name="Small" time="0.001"/>
  <testcase classname="ArraysAndCollections.ArraysPractise" name="FindSmallest" time="0.001"/>
</testsuite> <!-- ArraysAndCollections.ArraysPractise -->
