<?xml version="1.0" encoding="UTF-8"?>
<!-- Generated by org.testng.reporters.JUnitReportReporter -->
<testsuite hostname="SivaSuman" failures="0" tests="1" name="streamsExcersise.webTableSorting" time="2.912" errors="0" timestamp="2024-02-28T20:15:58 EST" skipped="0">
  <testcase classname="streamsExcersise.webTableSorting" name="verifyFilter" time="2.912"/>
</testsuite> <!-- streamsExcersise.webTableSorting -->
