<?xml version="1.0" encoding="UTF-8"?>
<!-- Generated by org.testng.reporters.JUnitReportReporter -->
<testsuite hostname="SivaSuman" failures="0" tests="1" name="ArraysAndCollections.HashMapPractise" time="0.009" errors="0" timestamp="2024-03-15T00:32:06 EDT" skipped="0">
  <testcase classname="ArraysAndCollections.HashMapPractise" name="testPractise" time="0.009"/>
</testsuite> <!-- ArraysAndCollections.HashMapPractise -->
