<?xml version="1.0" encoding="UTF-8"?>
<!-- Generated by org.testng.reporters.JUnitReportReporter -->
<testsuite hostname="SivaSuman" failures="0" tests="1" name="ExcelHandsOn.ExportAndImportExcelValidations" time="10.503" errors="0" timestamp="2024-03-16T17:05:09 EDT" skipped="0">
  <testcase classname="ExcelHandsOn.ExportAndImportExcelValidations" name="ExcelPractise" time="10.503"/>
</testsuite> <!-- ExcelHandsOn.ExportAndImportExcelValidations -->
