<?xml version="1.0" encoding="UTF-8"?>
<!-- Generated by org.testng.reporters.JUnitReportReporter -->
<testsuite hostname="SivaSuman" failures="0" tests="1" name="controlPractise.FramesPractise" time="2.946" errors="0" timestamp="2024-03-07T22:49:43 EST" skipped="0">
  <testcase classname="controlPractise.FramesPractise" name="testPractise" time="2.946"/>
</testsuite> <!-- controlPractise.FramesPractise -->
