<?xml version="1.0" encoding="UTF-8"?>
<!-- Generated by org.testng.reporters.JUnitReportReporter -->
<testsuite hostname="SivaSuman" failures="0" tests="1" name="ArraysAndCollections.LinkedListPractise" time="0.008" errors="0" timestamp="2024-03-14T21:55:41 EDT" skipped="0">
  <testcase classname="ArraysAndCollections.LinkedListPractise" name="practiseLL" time="0.008"/>
</testsuite> <!-- ArraysAndCollections.LinkedListPractise -->
