<?xml version="1.0" encoding="UTF-8"?>
<!-- Generated by org.testng.reporters.JUnitReportReporter -->
<testsuite hostname="SivaSuman" failures="0" tests="2" name="streamsExcersise.mapPractise" time="0.015" errors="0" timestamp="2024-02-25T22:07:14 EST" skipped="0">
  <testcase classname="streamsExcersise.mapPractise" name="method2" time="0.006"/>
  <testcase classname="streamsExcersise.mapPractise" name="method1" time="0.009"/>
</testsuite> <!-- streamsExcersise.mapPractise -->
